<?xml version="1.0" encoding="UTF-8"?>
<!-- Generated by org.testng.reporters.JUnitReportReporter -->
<testsuite hostname="LAPTOP-JMTQVUQ9" failures="0" tests="1" name="tests.LoginTest" time="16.132" errors="0" timestamp="2023-04-13T21:11:57 IST" skipped="0">
  <testcase classname="tests.LoginTest" name="leaveManagment" time="16.132"/>
  <system-out/>
</testsuite> <!-- tests.LoginTest -->
