<?xml version="1.0" encoding="UTF-8"?>
<!-- Generated by org.testng.reporters.JUnitReportReporter -->
<testsuite hostname="LAPTOP-JMTQVUQ9" failures="0" tests="4" name="tests.Test1" time="32.093" errors="0" timestamp="2023-04-12T18:29:20 IST" skipped="0">
  <testcase classname="tests.Test1" name="testGoogle" time="6.801"/>
  <system-out/>
  <testcase classname="tests.Test1" name="testGoogle" time="5.924"/>
  <system-out/>
  <testcase classname="tests.Test1" name="testGoogle" time="11.556"/>
  <system-out/>
  <testcase classname="tests.Test1" name="testGoogle" time="7.812"/>
  <system-out/>
</testsuite> <!-- tests.Test1 -->
